2015-04-17 10:10:57,406  WARN [Worker-3] - ScalaProject - Project holo-0 has platform default sourceLevel.
2015-04-17 10:10:57,409  WARN [Worker-3] - ScalaProject - Project holo-0 runs on platform default installation.
2015-04-17 10:11:33,232  WARN [Worker-10] - ScalaProject - Project halo-0 has platform default sourceLevel.
2015-04-17 10:11:33,234  WARN [Worker-10] - ScalaProject - Project halo-0 runs on platform default installation.
2015-04-17 10:17:25,309 ERROR [Worker-5] - System.err - SLF4J: Failed to load class "org.slf4j.impl.StaticLoggerBinder".
2015-04-17 10:17:25,309 ERROR [Worker-5] - System.err - SLF4J: Defaulting to no-operation (NOP) logger implementation
2015-04-17 10:17:25,310 ERROR [Worker-5] - System.err - SLF4J: See http://www.slf4j.org/codes.html#StaticLoggerBinder for further details.
2015-04-17 12:01:10,754  WARN [main] - org.scala-ide.sdt.core - org.scala-ide.sdt.core - org.scala-ide.sdt.core - 0 - Preference scala.compiler.sourceLevel was uninitialized for halo-0, setting default to 2.11.
2015-04-17 17:39:11,895  WARN [org.scalaide.ui.internal.reconciliation.ScalaReconciler] - ImplicitHighlightingPresenter - Timeout while waiting for `askLoadedTyped` during semantic highlighting.
2015-04-17 17:40:16,712 ERROR [Text Viewer Hover Presenter] - IScalaPresentationCompiler$ - Ignoring InterruptException
2015-04-17 17:40:16,712 ERROR [Text Viewer Hover Presenter] - IScalaPresentationCompiler$ - Ignoring InterruptException
2015-04-17 17:42:46,305 ERROR [Text Viewer Hover Presenter] - IScalaPresentationCompiler$ - Ignoring InterruptException
2015-04-17 17:42:46,306 ERROR [Text Viewer Hover Presenter] - IScalaPresentationCompiler$ - Ignoring InterruptException
2015-04-17 17:42:46,306 ERROR [Text Viewer Hover Presenter] - IScalaPresentationCompiler$ - Ignoring InterruptException
2015-04-17 18:00:04,009 ERROR [Text Viewer Hover Presenter] - IScalaPresentationCompiler$ - Ignoring InterruptException
2015-04-17 18:00:04,009 ERROR [Text Viewer Hover Presenter] - IScalaPresentationCompiler$ - Ignoring InterruptException
2015-04-17 18:00:04,010 ERROR [Text Viewer Hover Presenter] - IScalaPresentationCompiler$ - Ignoring InterruptException
2015-04-18 13:03:16,163  WARN [ModalContext] - ScalaProject - Project halo-0 has platform default sourceLevel.
2015-04-18 13:03:16,163  WARN [ModalContext] - ScalaProject - Project halo-0 runs on platform default installation.
2015-04-18 13:46:26,615 ERROR [Text Viewer Hover Presenter] - IScalaPresentationCompiler$ - Ignoring InterruptException
2015-04-18 13:46:26,615 ERROR [Text Viewer Hover Presenter] - IScalaPresentationCompiler$ - Ignoring InterruptException
2015-04-18 18:39:11,541  WARN [org.scalaide.ui.internal.reconciliation.ScalaReconciler] - ImplicitHighlightingPresenter - Timeout while waiting for `askLoadedTyped` during semantic highlighting.
2015-04-18 19:17:35,590  WARN [org.scalaide.ui.internal.reconciliation.ScalaReconciler] - ImplicitHighlightingPresenter - Timeout while waiting for `askLoadedTyped` during semantic highlighting.
2015-04-18 19:17:35,591  WARN [org.scalaide.ui.internal.reconciliation.ScalaReconciler] - ImplicitHighlightingPresenter - Timeout while waiting for `askLoadedTyped` during semantic highlighting.
2015-04-18 19:17:35,595  WARN [org.scalaide.ui.internal.reconciliation.ScalaReconciler] - ImplicitHighlightingPresenter - Timeout while waiting for `askLoadedTyped` during semantic highlighting.
2015-04-18 19:17:58,842 ERROR [Text Viewer Hover Presenter] - IScalaPresentationCompiler$ - Ignoring InterruptException
2015-04-18 19:17:58,842 ERROR [Text Viewer Hover Presenter] - IScalaPresentationCompiler$ - Ignoring InterruptException
2015-04-18 19:17:58,842 ERROR [Text Viewer Hover Presenter] - IScalaPresentationCompiler$ - Ignoring InterruptException
2015-04-19 17:47:52,668  WARN [org.scalaide.ui.internal.reconciliation.ScalaReconciler] - ImplicitHighlightingPresenter - Timeout while waiting for `askLoadedTyped` during semantic highlighting.
2015-04-19 17:47:52,668  WARN [org.scalaide.ui.internal.reconciliation.ScalaReconciler] - ImplicitHighlightingPresenter - Timeout while waiting for `askLoadedTyped` during semantic highlighting.
2015-04-19 17:47:52,668  WARN [org.scalaide.ui.internal.reconciliation.ScalaReconciler] - ImplicitHighlightingPresenter - Timeout while waiting for `askLoadedTyped` during semantic highlighting.
2015-04-19 17:47:52,670  WARN [org.scalaide.ui.internal.reconciliation.ScalaReconciler] - ImplicitHighlightingPresenter - Timeout while waiting for `askLoadedTyped` during semantic highlighting.
2015-04-19 17:54:06,909  WARN [org.scalaide.ui.internal.reconciliation.ScalaReconciler] - ImplicitHighlightingPresenter - Timeout while waiting for `askLoadedTyped` during semantic highlighting.
2015-04-19 17:54:06,911  WARN [org.scalaide.ui.internal.reconciliation.ScalaReconciler] - ImplicitHighlightingPresenter - Timeout while waiting for `askLoadedTyped` during semantic highlighting.
2015-04-19 17:54:06,913  WARN [org.scalaide.ui.internal.reconciliation.ScalaReconciler] - ImplicitHighlightingPresenter - Timeout while waiting for `askLoadedTyped` during semantic highlighting.
2015-04-19 17:54:06,917  WARN [org.scalaide.ui.internal.reconciliation.ScalaReconciler] - ImplicitHighlightingPresenter - Timeout while waiting for `askLoadedTyped` during semantic highlighting.
2015-04-19 17:54:06,925  WARN [org.scalaide.ui.internal.reconciliation.ScalaReconciler] - ImplicitHighlightingPresenter - Timeout while waiting for `askLoadedTyped` during semantic highlighting.
2015-04-19 17:54:13,320 ERROR [main] - org.scala-ide.sdt.core - org.scala-ide.sdt.core - org.scala-ide.sdt.core - 0 - Throwable during asyncExec
scala.tools.nsc.interactive.FreshRunReq
2015-04-19 17:54:13,322 ERROR [main] - org.scala-ide.sdt.core - org.scala-ide.sdt.core - org.scala-ide.sdt.core - 0 - Incorrectly logged ControlThrowable: FreshRunReq(null)
scala.tools.nsc.interactive.FreshRunReq
2015-04-19 17:54:13,518  WARN [org.scalaide.ui.internal.reconciliation.ScalaReconciler] - ImplicitHighlightingPresenter - Timeout while waiting for `askLoadedTyped` during semantic highlighting.
2015-04-19 17:54:13,530  WARN [org.scalaide.ui.internal.reconciliation.ScalaReconciler] - ImplicitHighlightingPresenter - Timeout while waiting for `askLoadedTyped` during semantic highlighting.
2015-04-19 17:54:13,531  WARN [org.scalaide.ui.internal.reconciliation.ScalaReconciler] - ImplicitHighlightingPresenter - Timeout while waiting for `askLoadedTyped` during semantic highlighting.
2015-04-19 17:54:13,533  WARN [org.scalaide.ui.internal.reconciliation.ScalaReconciler] - ImplicitHighlightingPresenter - Timeout while waiting for `askLoadedTyped` during semantic highlighting.
2015-04-19 17:54:13,534  WARN [org.scalaide.ui.internal.reconciliation.ScalaReconciler] - ImplicitHighlightingPresenter - Timeout while waiting for `askLoadedTyped` during semantic highlighting.
2015-04-19 17:54:13,538  WARN [org.scalaide.ui.internal.reconciliation.ScalaReconciler] - ImplicitHighlightingPresenter - Timeout while waiting for `askLoadedTyped` during semantic highlighting.
2015-04-19 18:00:06,324 ERROR [Text Viewer Hover Presenter] - IScalaPresentationCompiler$ - Ignoring InterruptException
2015-04-19 18:00:06,324 ERROR [Text Viewer Hover Presenter] - IScalaPresentationCompiler$ - Ignoring InterruptException
2015-04-19 18:00:06,324 ERROR [Text Viewer Hover Presenter] - IScalaPresentationCompiler$ - Ignoring InterruptException
2015-04-19 18:00:23,278 ERROR [Text Viewer Hover Presenter] - IScalaPresentationCompiler$ - Ignoring InterruptException
2015-04-19 18:00:23,278 ERROR [Text Viewer Hover Presenter] - IScalaPresentationCompiler$ - Ignoring InterruptException
2015-04-19 18:00:23,278 ERROR [Text Viewer Hover Presenter] - IScalaPresentationCompiler$ - Ignoring InterruptException
2015-04-19 18:39:20,789  WARN [org.scalaide.ui.internal.reconciliation.ScalaReconciler] - ImplicitHighlightingPresenter - Timeout while waiting for `askLoadedTyped` during semantic highlighting.
2015-04-19 18:39:20,789  WARN [org.scalaide.ui.internal.reconciliation.ScalaReconciler] - ImplicitHighlightingPresenter - Timeout while waiting for `askLoadedTyped` during semantic highlighting.
2015-04-19 18:39:20,799  WARN [org.scalaide.ui.internal.reconciliation.ScalaReconciler] - ImplicitHighlightingPresenter - Timeout while waiting for `askLoadedTyped` during semantic highlighting.
2015-04-19 18:39:20,799  WARN [org.scalaide.ui.internal.reconciliation.ScalaReconciler] - ImplicitHighlightingPresenter - Timeout while waiting for `askLoadedTyped` during semantic highlighting.
2015-04-19 18:39:46,540 ERROR [main] - org.scala-ide.sdt.core - org.scala-ide.sdt.core - org.scala-ide.sdt.core - 0 - Throwable during asyncExec
scala.tools.nsc.interactive.FreshRunReq
2015-04-19 18:39:46,541 ERROR [main] - org.scala-ide.sdt.core - org.scala-ide.sdt.core - org.scala-ide.sdt.core - 0 - Incorrectly logged ControlThrowable: FreshRunReq(null)
scala.tools.nsc.interactive.FreshRunReq
2015-04-19 18:42:01,856  WARN [org.scalaide.ui.internal.reconciliation.ScalaReconciler] - ImplicitHighlightingPresenter - Timeout while waiting for `askLoadedTyped` during semantic highlighting.
2015-04-19 18:42:02,245  WARN [org.scalaide.ui.internal.reconciliation.ScalaReconciler] - ImplicitHighlightingPresenter - Timeout while waiting for `askLoadedTyped` during semantic highlighting.
2015-04-19 19:43:00,741  WARN [org.scalaide.ui.internal.reconciliation.ScalaReconciler] - ImplicitHighlightingPresenter - Timeout while waiting for `askLoadedTyped` during semantic highlighting.
2015-04-19 19:43:00,745  WARN [org.scalaide.ui.internal.reconciliation.ScalaReconciler] - ImplicitHighlightingPresenter - Timeout while waiting for `askLoadedTyped` during semantic highlighting.
2015-04-19 19:43:00,751  WARN [org.scalaide.ui.internal.reconciliation.ScalaReconciler] - ImplicitHighlightingPresenter - Timeout while waiting for `askLoadedTyped` during semantic highlighting.
2015-04-19 19:43:00,754  WARN [org.scalaide.ui.internal.reconciliation.ScalaReconciler] - ImplicitHighlightingPresenter - Timeout while waiting for `askLoadedTyped` during semantic highlighting.
2015-04-19 19:51:30,103  WARN [Worker-364] - ScalaProject - Project Test has platform default sourceLevel.
2015-04-19 19:51:30,103  WARN [Worker-364] - ScalaProject - Project Test runs on platform default installation.
2015-04-19 19:51:44,177  WARN [Worker-362] - ScalaProject - Project Test has platform default sourceLevel.
2015-04-19 19:51:44,177  WARN [Worker-362] - ScalaProject - Project Test runs on platform default installation.
2015-04-19 19:52:44,357  WARN [Worker-365] - ScalaProject - Project Test has platform default sourceLevel.
2015-04-19 19:52:44,358  WARN [Worker-365] - ScalaProject - Project Test runs on platform default installation.
2015-04-19 19:58:14,057 ERROR [Text Viewer Hover Presenter] - IScalaPresentationCompiler$ - Ignoring InterruptException
2015-04-19 19:58:14,061 ERROR [Text Viewer Hover Presenter] - IScalaPresentationCompiler$ - Ignoring InterruptException
2015-04-19 19:58:14,061 ERROR [Text Viewer Hover Presenter] - IScalaPresentationCompiler$ - Ignoring InterruptException
2015-04-19 19:58:14,061 ERROR [Text Viewer Hover Presenter] - IScalaPresentationCompiler$ - Ignoring InterruptException
2015-04-19 19:58:54,029  WARN [Worker-364] - ScalaProject - Project Test has platform default sourceLevel.
2015-04-19 19:58:54,029  WARN [Worker-364] - ScalaProject - Project Test runs on platform default installation.
2015-04-19 19:58:54,742 ERROR [main] - org.scala-ide.sdt.core - org.scala-ide.sdt.core - org.scala-ide.sdt.core - 0 - Throwable during asyncExec
scala.tools.nsc.interactive.FreshRunReq
2015-04-19 19:58:54,742 ERROR [main] - org.scala-ide.sdt.core - org.scala-ide.sdt.core - org.scala-ide.sdt.core - 0 - Incorrectly logged ControlThrowable: FreshRunReq(null)
scala.tools.nsc.interactive.FreshRunReq
2015-04-19 19:58:54,942  WARN [org.scalaide.ui.internal.reconciliation.ScalaReconciler] - ImplicitHighlightingPresenter - Timeout while waiting for `askLoadedTyped` during semantic highlighting.
2015-04-19 20:01:51,281  WARN [Worker-361] - ScalaProject - Project Test has platform default sourceLevel.
2015-04-19 20:01:51,281  WARN [Worker-361] - ScalaProject - Project Test runs on platform default installation.
2015-04-21 21:21:47,092  WARN [main] - ScalaProject - Project Test has platform default sourceLevel.
2015-04-21 21:21:47,094  WARN [main] - ScalaProject - Project Test runs on platform default installation.
2015-04-21 21:25:48,670 ERROR [Text Viewer Hover Presenter] - IScalaPresentationCompiler$ - Ignoring InterruptException
2015-04-21 21:25:48,672 ERROR [Text Viewer Hover Presenter] - IScalaPresentationCompiler$ - Ignoring InterruptException
2015-04-21 21:30:57,071 ERROR [Text Viewer Hover Presenter] - IScalaPresentationCompiler$ - Ignoring InterruptException
2015-04-21 21:30:57,072 ERROR [Text Viewer Hover Presenter] - IScalaPresentationCompiler$ - Ignoring InterruptException
2015-04-21 21:30:57,072 ERROR [Text Viewer Hover Presenter] - IScalaPresentationCompiler$ - Ignoring InterruptException
